2024-01-23 09:19:43 error: uncaughtException: socketLogic is not defined
ReferenceError: socketLogic is not defined
    at App.initializeSocket (C:\Users\Vals_\Desktop\Projects\discord-clone\backend\src\app.ts:53:9)
    at App.initialize (C:\Users\Vals_\Desktop\Projects\discord-clone\backend\src\app.ts:35:14)
    at processTicksAndRejections (node:internal/process/task_queues:95:5)
    at async bootstrap (C:\Users\Vals_\Desktop\Projects\discord-clone\backend\src\server.ts:21:5)
2024-01-23 09:22:12 error: uncaughtException: listen EADDRINUSE: address already in use :::3000
Error: listen EADDRINUSE: address already in use :::3000
    at Server.setupListenHandle [as _listen2] (node:net:1751:16)
    at listenInCluster (node:net:1799:12)
    at Server.listen (node:net:1887:7)
    at Server.attach (C:\Users\Vals_\Desktop\Projects\discord-clone\backend\node_modules\socket.io\dist\index.js:226:17)
    at new Server (C:\Users\Vals_\Desktop\Projects\discord-clone\backend\node_modules\socket.io\dist\index.js:119:18)
    at App.initializeSocket (C:\Users\Vals_\Desktop\Projects\discord-clone\backend\src\app.ts:46:23)
    at App.initialize (C:\Users\Vals_\Desktop\Projects\discord-clone\backend\src\app.ts:36:14)
    at processTicksAndRejections (node:internal/process/task_queues:95:5)
    at async bootstrap (C:\Users\Vals_\Desktop\Projects\discord-clone\backend\src\server.ts:21:5)
2024-01-23 09:22:12 error: uncaughtException: (0 , socket_1.default) is not a function
TypeError: (0 , socket_1.default) is not a function
    at App.initializeSocket (C:\Users\Vals_\Desktop\Projects\discord-clone\backend\src\app.ts:54:20)
    at App.initialize (C:\Users\Vals_\Desktop\Projects\discord-clone\backend\src\app.ts:36:14)
    at processTicksAndRejections (node:internal/process/task_queues:95:5)
    at async bootstrap (C:\Users\Vals_\Desktop\Projects\discord-clone\backend\src\server.ts:21:5)
2024-01-23 09:22:54 error: uncaughtException: socketLogic is not defined
ReferenceError: socketLogic is not defined
    at Object.<anonymous> (C:\Users\Vals_\Desktop\Projects\discord-clone\backend\src\socket.ts:88:16)
    at Module._compile (node:internal/modules/cjs/loader:1256:14)
    at Module.m._compile (C:\Users\Vals_\Desktop\Projects\discord-clone\backend\node_modules\ts-node\src\index.ts:1618:23)
    at Module._extensions..js (node:internal/modules/cjs/loader:1310:10)
    at Object.require.extensions.<computed> [as .ts] (C:\Users\Vals_\Desktop\Projects\discord-clone\backend\node_modules\ts-node\src\index.ts:1621:12)
    at Module.load (node:internal/modules/cjs/loader:1119:32)
    at Function.Module._load (node:internal/modules/cjs/loader:960:12)
    at Module.require (node:internal/modules/cjs/loader:1143:19)
    at require (node:internal/modules/cjs/helpers:110:18)
    at Object.<anonymous> (C:\Users\Vals_\Desktop\Projects\discord-clone\backend\src\app.ts:18:1)
2024-01-23 09:47:38 error: uncaughtException: Route.get() requires a callback function but got a [object Object]
Error: Route.get() requires a callback function but got a [object Object]
    at Route.<computed> [as get] (C:\Users\Vals_\Desktop\Projects\discord-clone\backend\node_modules\express\lib\router\route.js:211:15)
    at Function.proto.<computed> [as get] (C:\Users\Vals_\Desktop\Projects\discord-clone\backend\node_modules\express\lib\router\index.js:521:19)
    at UsersRoute.initializeRoutes (C:\Users\Vals_\Desktop\Projects\discord-clone\backend\src\routes\users.route.ts:18:21)
    at new UsersRoute (C:\Users\Vals_\Desktop\Projects\discord-clone\backend\src\routes\users.route.ts:13:14)
    at bootstrap (C:\Users\Vals_\Desktop\Projects\discord-clone\backend\src\server.ts:14:9)
    at Object.<anonymous> (C:\Users\Vals_\Desktop\Projects\discord-clone\backend\src\server.ts:25:1)
    at Module._compile (node:internal/modules/cjs/loader:1256:14)
    at Module.m._compile (C:\Users\Vals_\Desktop\Projects\discord-clone\backend\node_modules\ts-node\src\index.ts:1618:23)
    at Module._extensions..js (node:internal/modules/cjs/loader:1310:10)
    at Object.require.extensions.<computed> [as .ts] (C:\Users\Vals_\Desktop\Projects\discord-clone\backend\node_modules\ts-node\src\index.ts:1621:12)
2024-01-23 10:06:41 error: uncaughtException: Cannot read properties of undefined (reading 'split')
TypeError: Cannot read properties of undefined (reading 'split')
    at Array.<anonymous> (C:\Users\Vals_\Desktop\Projects\discord-clone\backend\src\socket.ts:26:63)
    at run (C:\Users\Vals_\Desktop\Projects\discord-clone\backend\node_modules\socket.io\dist\namespace.js:124:19)
    at Namespace.run (C:\Users\Vals_\Desktop\Projects\discord-clone\backend\node_modules\socket.io\dist\namespace.js:135:9)
    at Namespace._add (C:\Users\Vals_\Desktop\Projects\discord-clone\backend\node_modules\socket.io\dist\namespace.js:211:14)
    at processTicksAndRejections (node:internal/process/task_queues:95:5)
2024-01-23 10:07:18 error: uncaughtException: Cannot read properties of undefined (reading 'split')
TypeError: Cannot read properties of undefined (reading 'split')
    at Array.<anonymous> (C:\Users\Vals_\Desktop\Projects\discord-clone\backend\src\socket.ts:26:63)
    at run (C:\Users\Vals_\Desktop\Projects\discord-clone\backend\node_modules\socket.io\dist\namespace.js:124:19)
    at Namespace.run (C:\Users\Vals_\Desktop\Projects\discord-clone\backend\node_modules\socket.io\dist\namespace.js:135:9)
    at Namespace._add (C:\Users\Vals_\Desktop\Projects\discord-clone\backend\node_modules\socket.io\dist\namespace.js:211:14)
    at processTicksAndRejections (node:internal/process/task_queues:95:5)
2024-01-23 12:03:14 error: uncaughtException: Messages validation failed: updatedAt: Path `updatedAt` is required., createdAt: Path `createdAt` is required., channel: Path `channel` is required., user: Path `user` is required.
ValidationError: Messages validation failed: updatedAt: Path `updatedAt` is required., createdAt: Path `createdAt` is required., channel: Path `channel` is required., user: Path `user` is required.
    at model.Document.invalidate (C:\Users\Vals_\Desktop\Projects\discord-clone\backend\node_modules\mongoose\lib\document.js:3192:32)
    at C:\Users\Vals_\Desktop\Projects\discord-clone\backend\node_modules\mongoose\lib\document.js:2980:17
    at C:\Users\Vals_\Desktop\Projects\discord-clone\backend\node_modules\mongoose\lib\schematype.js:1350:9
    at processTicksAndRejections (node:internal/process/task_queues:77:11)
2024-01-23 12:03:55 error: uncaughtException: Messages validation failed: updatedAt: Path `updatedAt` is required., createdAt: Path `createdAt` is required., channel: Path `channel` is required., user: Path `user` is required.
ValidationError: Messages validation failed: updatedAt: Path `updatedAt` is required., createdAt: Path `createdAt` is required., channel: Path `channel` is required., user: Path `user` is required.
    at model.Document.invalidate (C:\Users\Vals_\Desktop\Projects\discord-clone\backend\node_modules\mongoose\lib\document.js:3192:32)
    at C:\Users\Vals_\Desktop\Projects\discord-clone\backend\node_modules\mongoose\lib\document.js:2980:17
    at C:\Users\Vals_\Desktop\Projects\discord-clone\backend\node_modules\mongoose\lib\schematype.js:1350:9
    at processTicksAndRejections (node:internal/process/task_queues:77:11)
2024-01-23 12:04:52 error: uncaughtException: Messages validation failed: updatedAt: Path `updatedAt` is required., createdAt: Path `createdAt` is required., channel: Path `channel` is required., user: Path `user` is required.
ValidationError: Messages validation failed: updatedAt: Path `updatedAt` is required., createdAt: Path `createdAt` is required., channel: Path `channel` is required., user: Path `user` is required.
    at model.Document.invalidate (C:\Users\Vals_\Desktop\Projects\discord-clone\backend\node_modules\mongoose\lib\document.js:3192:32)
    at C:\Users\Vals_\Desktop\Projects\discord-clone\backend\node_modules\mongoose\lib\document.js:2980:17
    at C:\Users\Vals_\Desktop\Projects\discord-clone\backend\node_modules\mongoose\lib\schematype.js:1350:9
    at processTicksAndRejections (node:internal/process/task_queues:77:11)
2024-01-23 12:19:41 error: uncaughtException: Messages validation failed: updatedAt: Path `updatedAt` is required., createdAt: Path `createdAt` is required., channel: Path `channel` is required., user: Path `user` is required.
ValidationError: Messages validation failed: updatedAt: Path `updatedAt` is required., createdAt: Path `createdAt` is required., channel: Path `channel` is required., user: Path `user` is required.
    at model.Document.invalidate (C:\Users\Vals_\Desktop\Projects\discord-clone\backend\node_modules\mongoose\lib\document.js:3192:32)
    at C:\Users\Vals_\Desktop\Projects\discord-clone\backend\node_modules\mongoose\lib\document.js:2980:17
    at C:\Users\Vals_\Desktop\Projects\discord-clone\backend\node_modules\mongoose\lib\schematype.js:1350:9
    at processTicksAndRejections (node:internal/process/task_queues:77:11)
2024-01-23 12:23:36 error: uncaughtException: Messages validation failed: updatedAt: Path `updatedAt` is required., createdAt: Path `createdAt` is required., channel: Path `channel` is required., user: Path `user` is required.
ValidationError: Messages validation failed: updatedAt: Path `updatedAt` is required., createdAt: Path `createdAt` is required., channel: Path `channel` is required., user: Path `user` is required.
    at model.Document.invalidate (C:\Users\Vals_\Desktop\Projects\discord-clone\backend\node_modules\mongoose\lib\document.js:3192:32)
    at C:\Users\Vals_\Desktop\Projects\discord-clone\backend\node_modules\mongoose\lib\document.js:2980:17
    at C:\Users\Vals_\Desktop\Projects\discord-clone\backend\node_modules\mongoose\lib\schematype.js:1350:9
    at processTicksAndRejections (node:internal/process/task_queues:77:11)
2024-01-23 12:29:31 error: uncaughtException: Messages validation failed: updatedAt: Path `updatedAt` is required., createdAt: Path `createdAt` is required., channel: Path `channel` is required., user: Path `user` is required.
ValidationError: Messages validation failed: updatedAt: Path `updatedAt` is required., createdAt: Path `createdAt` is required., channel: Path `channel` is required., user: Path `user` is required.
    at model.Document.invalidate (C:\Users\Vals_\Desktop\Projects\discord-clone\backend\node_modules\mongoose\lib\document.js:3192:32)
    at C:\Users\Vals_\Desktop\Projects\discord-clone\backend\node_modules\mongoose\lib\document.js:2980:17
    at C:\Users\Vals_\Desktop\Projects\discord-clone\backend\node_modules\mongoose\lib\schematype.js:1350:9
    at processTicksAndRejections (node:internal/process/task_queues:77:11)
2024-01-23 12:33:36 error: uncaughtException: Cannot access 'user' before initialization
ReferenceError: Cannot access 'user' before initialization
    at MessageService.createMessage (C:\Users\Vals_\Desktop\Projects\discord-clone\backend\src\services\messages.service.ts:38:64)
    at Socket.<anonymous> (C:\Users\Vals_\Desktop\Projects\discord-clone\backend\src\socket.ts:58:64)
    at Socket.emit (node:events:514:28)
    at Socket.emit (node:domain:489:12)
    at Socket.emitUntyped (C:\Users\Vals_\Desktop\Projects\discord-clone\backend\node_modules\socket.io\dist\typed-events.js:69:22)
    at C:\Users\Vals_\Desktop\Projects\discord-clone\backend\node_modules\socket.io\dist\socket.js:704:39
    at processTicksAndRejections (node:internal/process/task_queues:77:11)
2024-01-23 12:35:08 error: uncaughtException: Messages validation failed: updatedAt: Path `updatedAt` is required., createdAt: Path `createdAt` is required.
ValidationError: Messages validation failed: updatedAt: Path `updatedAt` is required., createdAt: Path `createdAt` is required.
    at model.Document.invalidate (C:\Users\Vals_\Desktop\Projects\discord-clone\backend\node_modules\mongoose\lib\document.js:3192:32)
    at C:\Users\Vals_\Desktop\Projects\discord-clone\backend\node_modules\mongoose\lib\document.js:2980:17
    at C:\Users\Vals_\Desktop\Projects\discord-clone\backend\node_modules\mongoose\lib\schematype.js:1350:9
    at processTicksAndRejections (node:internal/process/task_queues:77:11)
2024-01-23 12:36:14 error: uncaughtException: Messages validation failed: updatedAt: Path `updatedAt` is required., createdAt: Path `createdAt` is required.
ValidationError: Messages validation failed: updatedAt: Path `updatedAt` is required., createdAt: Path `createdAt` is required.
    at model.Document.invalidate (C:\Users\Vals_\Desktop\Projects\discord-clone\backend\node_modules\mongoose\lib\document.js:3192:32)
    at C:\Users\Vals_\Desktop\Projects\discord-clone\backend\node_modules\mongoose\lib\document.js:2980:17
    at C:\Users\Vals_\Desktop\Projects\discord-clone\backend\node_modules\mongoose\lib\schematype.js:1350:9
    at processTicksAndRejections (node:internal/process/task_queues:77:11)
2024-01-23 16:11:09 error: [POST] /auth/register >> StatusCode:: 409, Message:: This username qwe already exists
2024-01-23 16:11:18 error: [POST] /auth/login >> StatusCode:: 409, Message:: Password is not matching
2024-01-23 16:14:54 error: [POST] /auth/register >> StatusCode:: 400, Message:: email must be an email
2024-01-23 16:14:58 error: [POST] /auth/register >> StatusCode:: 409, Message:: This username qwe already exists
2024-01-23 16:16:28 error: [POST] /auth/register >> StatusCode:: 409, Message:: This username wer already exists
2024-01-23 16:17:10 error: [POST] /auth/register >> StatusCode:: 409, Message:: This username wer already exists
2024-01-23 17:38:13 error: [GET] /user/undefined >> StatusCode:: 500, Message:: Argument passed in must be a string of 12 bytes or a string of 24 hex characters or an integer
2024-01-23 17:38:13 error: [GET] /user/undefined >> StatusCode:: 500, Message:: Argument passed in must be a string of 12 bytes or a string of 24 hex characters or an integer
2024-01-23 17:41:55 error: [GET] /user/undefined >> StatusCode:: 500, Message:: Argument passed in must be a string of 12 bytes or a string of 24 hex characters or an integer
2024-01-23 17:41:55 error: [GET] /user/undefined >> StatusCode:: 500, Message:: Argument passed in must be a string of 12 bytes or a string of 24 hex characters or an integer
2024-01-23 17:43:39 error: [GET] /user/undefined >> StatusCode:: 500, Message:: Argument passed in must be a string of 12 bytes or a string of 24 hex characters or an integer
2024-01-23 17:43:39 error: [GET] /user/undefined >> StatusCode:: 500, Message:: Argument passed in must be a string of 12 bytes or a string of 24 hex characters or an integer
2024-01-23 17:44:10 error: [GET] /user/undefined >> StatusCode:: 500, Message:: Argument passed in must be a string of 12 bytes or a string of 24 hex characters or an integer
2024-01-23 17:44:10 error: [GET] /user/undefined >> StatusCode:: 500, Message:: Argument passed in must be a string of 12 bytes or a string of 24 hex characters or an integer
2024-01-23 17:48:58 error: [GET] /user/undefined >> StatusCode:: 500, Message:: Argument passed in must be a string of 12 bytes or a string of 24 hex characters or an integer
2024-01-23 17:48:58 error: [GET] /user/undefined >> StatusCode:: 500, Message:: Argument passed in must be a string of 12 bytes or a string of 24 hex characters or an integer
2024-01-23 17:49:33 error: [GET] /user/undefined >> StatusCode:: 500, Message:: Argument passed in must be a string of 12 bytes or a string of 24 hex characters or an integer
2024-01-23 17:49:33 error: [GET] /user/undefined >> StatusCode:: 500, Message:: Argument passed in must be a string of 12 bytes or a string of 24 hex characters or an integer
2024-01-23 17:51:18 error: [GET] /user/undefined >> StatusCode:: 500, Message:: Argument passed in must be a string of 12 bytes or a string of 24 hex characters or an integer
2024-01-23 17:51:18 error: [GET] /user/undefined >> StatusCode:: 500, Message:: Argument passed in must be a string of 12 bytes or a string of 24 hex characters or an integer
2024-01-23 17:52:18 error: [GET] /user/undefined >> StatusCode:: 500, Message:: Argument passed in must be a string of 12 bytes or a string of 24 hex characters or an integer
2024-01-23 17:52:18 error: [GET] /user/undefined >> StatusCode:: 500, Message:: Argument passed in must be a string of 12 bytes or a string of 24 hex characters or an integer
2024-01-23 17:54:50 error: [GET] /user/undefined >> StatusCode:: 500, Message:: Argument passed in must be a string of 12 bytes or a string of 24 hex characters or an integer
2024-01-23 17:54:50 error: [GET] /user/undefined >> StatusCode:: 500, Message:: Argument passed in must be a string of 12 bytes or a string of 24 hex characters or an integer
2024-01-23 18:04:51 error: =================================
2024-01-23 18:04:51 error: ðŸ’” App failed to connect to the database
2024-01-23 18:04:51 error: Could not connect to any servers in your MongoDB Atlas cluster. One common reason is that you're trying to access the database from an IP that isn't whitelisted. Make sure your current IP address is on your Atlas cluster's IP whitelist: https://www.mongodb.com/docs/atlas/security-whitelist/
2024-01-23 18:05:01 error: [GET] /servers/ >> StatusCode:: 401, Message:: Wrong authentication token
2024-01-23 18:05:01 error: [GET] /categories/65ae8c6dfebd1a03fe389bb6 >> StatusCode:: 401, Message:: Wrong authentication token
2024-01-23 18:05:01 error: [GET] /servers/65ae8c6dfebd1a03fe389bb6 >> StatusCode:: 401, Message:: Wrong authentication token
2024-01-23 18:05:01 error: [GET] /user/details >> StatusCode:: 401, Message:: Wrong authentication token
2024-01-23 18:05:04 error: [GET] /servers/ >> StatusCode:: 401, Message:: Wrong authentication token
2024-01-23 18:05:04 error: [GET] /user/details >> StatusCode:: 401, Message:: Wrong authentication token
2024-01-23 18:05:37 error: [POST] /auth/login >> StatusCode:: 500, Message:: Operation `users.findOne()` buffering timed out after 10000ms
2024-01-23 18:06:24 error: =================================
2024-01-23 18:06:24 error: ðŸ’” App failed to connect to the database
2024-01-23 18:06:24 error: Could not connect to any servers in your MongoDB Atlas cluster. One common reason is that you're trying to access the database from an IP that isn't whitelisted. Make sure your current IP address is on your Atlas cluster's IP whitelist: https://www.mongodb.com/docs/atlas/security-whitelist/
2024-01-23 18:07:15 error: [GET] /messages/0 >> StatusCode:: 500, Message:: Argument passed in must be a string of 12 bytes or a string of 24 hex characters or an integer
